d:\all other git repos\lab cg\lab3-graphics\template\opengltemplate\release\vc140.pdb
d:\all other git repos\lab cg\lab3-graphics\template\opengltemplate\release\vertexbufferobjectindexed.obj
d:\all other git repos\lab cg\lab3-graphics\template\opengltemplate\release\vertexbufferobject.obj
d:\all other git repos\lab cg\lab3-graphics\template\opengltemplate\release\texture.obj
d:\all other git repos\lab cg\lab3-graphics\template\opengltemplate\release\tetrahedron.obj
d:\all other git repos\lab cg\lab3-graphics\template\opengltemplate\release\sphere.obj
d:\all other git repos\lab cg\lab3-graphics\template\opengltemplate\release\skybox.obj
d:\all other git repos\lab cg\lab3-graphics\template\opengltemplate\release\shaders.obj
d:\all other git repos\lab cg\lab3-graphics\template\opengltemplate\release\plane.obj
d:\all other git repos\lab cg\lab3-graphics\template\opengltemplate\release\openassetimportmeshinst.obj
d:\all other git repos\lab cg\lab3-graphics\template\opengltemplate\release\openassetimportmesh.obj
d:\all other git repos\lab cg\lab3-graphics\template\opengltemplate\release\matrixstack.obj
d:\all other git repos\lab cg\lab3-graphics\template\opengltemplate\release\highresolutiontimer.obj
d:\all other git repos\lab cg\lab3-graphics\template\opengltemplate\release\gamewindow.obj
d:\all other git repos\lab cg\lab3-graphics\template\opengltemplate\release\game.obj
d:\all other git repos\lab cg\lab3-graphics\template\opengltemplate\release\freetypefont.obj
d:\all other git repos\lab cg\lab3-graphics\template\opengltemplate\release\cubemap.obj
d:\all other git repos\lab cg\lab3-graphics\template\opengltemplate\release\cube.obj
d:\all other git repos\lab cg\lab3-graphics\template\opengltemplate\release\catmullrom.obj
d:\all other git repos\lab cg\lab3-graphics\template\opengltemplate\release\camera.obj
d:\all other git repos\lab cg\lab3-graphics\template\opengltemplate\release\audio.obj
d:\all other git repos\lab cg\lab3-graphics\template\release\opengltemplate.exe
d:\all other git repos\lab cg\lab3-graphics\template\release\opengltemplate.ipdb
d:\all other git repos\lab cg\lab3-graphics\template\release\opengltemplate.iobj
d:\all other git repos\lab cg\lab3-graphics\template\release\opengltemplate.pdb
d:\all other git repos\lab cg\lab3-graphics\template\opengltemplate\release\opengltemplate.tlog\cl.command.1.tlog
d:\all other git repos\lab cg\lab3-graphics\template\opengltemplate\release\opengltemplate.tlog\cl.read.1.tlog
d:\all other git repos\lab cg\lab3-graphics\template\opengltemplate\release\opengltemplate.tlog\cl.write.1.tlog
d:\all other git repos\lab cg\lab3-graphics\template\opengltemplate\release\opengltemplate.tlog\link.command.1.tlog
d:\all other git repos\lab cg\lab3-graphics\template\opengltemplate\release\opengltemplate.tlog\link.read.1.tlog
d:\all other git repos\lab cg\lab3-graphics\template\opengltemplate\release\opengltemplate.tlog\link.write.1.tlog
