d:\all other git repos\lab cg\lab3-graphics\template\opengltemplate\debug\vc140.pdb
d:\all other git repos\lab cg\lab3-graphics\template\opengltemplate\debug\vc140.idb
d:\all other git repos\lab cg\lab3-graphics\template\opengltemplate\debug\audio.obj
d:\all other git repos\lab cg\lab3-graphics\template\opengltemplate\debug\camera.obj
d:\all other git repos\lab cg\lab3-graphics\template\opengltemplate\debug\catmullrom.obj
d:\all other git repos\lab cg\lab3-graphics\template\opengltemplate\debug\cube.obj
d:\all other git repos\lab cg\lab3-graphics\template\opengltemplate\debug\cubemap.obj
d:\all other git repos\lab cg\lab3-graphics\template\opengltemplate\debug\freetypefont.obj
d:\all other git repos\lab cg\lab3-graphics\template\opengltemplate\debug\game.obj
d:\all other git repos\lab cg\lab3-graphics\template\opengltemplate\debug\gamewindow.obj
d:\all other git repos\lab cg\lab3-graphics\template\opengltemplate\debug\highresolutiontimer.obj
d:\all other git repos\lab cg\lab3-graphics\template\opengltemplate\debug\matrixstack.obj
d:\all other git repos\lab cg\lab3-graphics\template\opengltemplate\debug\openassetimportmesh.obj
d:\all other git repos\lab cg\lab3-graphics\template\opengltemplate\debug\plane.obj
d:\all other git repos\lab cg\lab3-graphics\template\opengltemplate\debug\shaders.obj
d:\all other git repos\lab cg\lab3-graphics\template\opengltemplate\debug\skybox.obj
d:\all other git repos\lab cg\lab3-graphics\template\opengltemplate\debug\source.obj
d:\all other git repos\lab cg\lab3-graphics\template\opengltemplate\debug\sphere.obj
d:\all other git repos\lab cg\lab3-graphics\template\opengltemplate\debug\tetrahedron.obj
d:\all other git repos\lab cg\lab3-graphics\template\opengltemplate\debug\texture.obj
d:\all other git repos\lab cg\lab3-graphics\template\opengltemplate\debug\vertexbufferobject.obj
d:\all other git repos\lab cg\lab3-graphics\template\opengltemplate\debug\vertexbufferobjectindexed.obj
d:\all other git repos\lab cg\lab3-graphics\template\debug\opengltemplate.exe
d:\all other git repos\lab cg\lab3-graphics\template\debug\opengltemplate.pdb
d:\all other git repos\lab cg\lab3-graphics\template\opengltemplate\debug\opengltemplate.tlog\cl.command.1.tlog
d:\all other git repos\lab cg\lab3-graphics\template\opengltemplate\debug\opengltemplate.tlog\cl.read.1.tlog
d:\all other git repos\lab cg\lab3-graphics\template\opengltemplate\debug\opengltemplate.tlog\cl.write.1.tlog
d:\all other git repos\lab cg\lab3-graphics\template\opengltemplate\debug\opengltemplate.tlog\link.command.1.tlog
d:\all other git repos\lab cg\lab3-graphics\template\opengltemplate\debug\opengltemplate.tlog\link.read.1.tlog
d:\all other git repos\lab cg\lab3-graphics\template\opengltemplate\debug\opengltemplate.tlog\link.write.1.tlog
